2020-12-04 10:21:41,781 INFO Starting Nacos v1.1.4 on USER-N5G7IRLOI5 with PID 13444 (C:\Users\Administrator\Desktop\changgou_project\nacos\target\nacos-server.jar started by Administrator in C:\Users\Administrator\Desktop\changgou_project\nacos\bin)

2020-12-04 10:21:41,797 INFO The following profiles are active: standalone

2020-12-04 10:21:47,259 INFO Bean 'org.springframework.security.config.annotation.configuration.ObjectPostProcessorConfiguration' of type [org.springframework.security.config.annotation.configuration.ObjectPostProcessorConfiguration$$EnhancerBySpringCGLIB$$4db75775] is not eligible for getting processed by all BeanPostProcessors (for example: not eligible for auto-proxying)

2020-12-04 10:23:51,537 INFO Bean 'objectPostProcessor' of type [org.springframework.security.config.annotation.configuration.AutowireBeanFactoryObjectPostProcessor] is not eligible for getting processed by all BeanPostProcessors (for example: not eligible for auto-proxying)

2020-12-04 10:23:51,548 INFO Bean 'org.springframework.security.access.expression.method.DefaultMethodSecurityExpressionHandler@17fc391b' of type [org.springframework.security.access.expression.method.DefaultMethodSecurityExpressionHandler] is not eligible for getting processed by all BeanPostProcessors (for example: not eligible for auto-proxying)

2020-12-04 10:23:51,557 INFO Bean 'org.springframework.security.config.annotation.method.configuration.GlobalMethodSecurityConfiguration' of type [org.springframework.security.config.annotation.method.configuration.GlobalMethodSecurityConfiguration$$EnhancerBySpringCGLIB$$728bfa27] is not eligible for getting processed by all BeanPostProcessors (for example: not eligible for auto-proxying)

2020-12-04 10:23:51,575 INFO Bean 'methodSecurityMetadataSource' of type [org.springframework.security.access.method.DelegatingMethodSecurityMetadataSource] is not eligible for getting processed by all BeanPostProcessors (for example: not eligible for auto-proxying)

2020-12-04 10:23:54,936 INFO Tomcat initialized with port(s): 8848 (http)

2020-12-04 10:23:55,020 INFO Starting service [Tomcat]

2020-12-04 10:23:55,021 INFO Starting Servlet Engine: Apache Tomcat/9.0.13

2020-12-04 10:23:55,043 INFO The APR based Apache Tomcat Native library which allows optimal performance in production environments was not found on the java.library.path: [E:\heima\java8\bin;C:\WINDOWS\Sun\Java\bin;C:\WINDOWS\system32;C:\WINDOWS;E:\heima\java8\bin;E:\heima\apache_maven_3.39\bin;C:\Program Files\Java\jre1.8.0_16\bin;E:\heima\java8\bin;C:\ProgramData\Oracle\Java\javapath;C:\WINDOWS\system32;C:\WINDOWS;C:\WINDOWS\System32\Wbem;C:\WINDOWS\System32\WindowsPowerShell\v1.0\;C:\WINDOWS\System32\OpenSSH\;c:\Program Files (x86)\Microsoft SQL Server\100\Tools\Binn\;c:\Program Files (x86)\Microsoft SQL Server\100\DTS\Binn\;C:\Program Files (x86)\AOMEI Backupper;E:\heima\MySQL\bin;E:\heima\VisualSVN-Server\bin;E:\heima\Git\cmd;E:\heima\TortoiseGit\bin;E:\heima\nodejs\;E:\heima\SecureCRT\;E:\heima\SVN_Client\bin;C:\heima02\OpenSSL-Win64\bin;C:\Users\Administrator\AppData\Local\Microsoft\WindowsApps;C:\Users\Administrator\AppData\Local\BypassRuntm;C:\Users\Administrator\AppData\Local\Microsoft\WindowsApps;E:\heima\erl9.2\bin;C:\Users\Administrator\AppData\Roaming\npm;C:\heima02\OpenSSL-Win64\bin;;.]

2020-12-04 10:23:55,245 INFO Initializing Spring embedded WebApplicationContext

2020-12-04 10:23:55,247 INFO Root WebApplicationContext: initialization completed in 133122 ms

2020-12-04 10:24:05,463 INFO Use Mysql as the driver

2020-12-04 10:24:07,171 INFO Initializing ExecutorService 'applicationTaskExecutor'

2020-12-04 10:24:07,665 INFO Adding welcome page: class path resource [static/index.html]

2020-12-04 10:24:08,620 INFO Creating filter chain: Ant [pattern='/'], []

2020-12-04 10:24:08,623 INFO Creating filter chain: Ant [pattern='/**/*.css'], []

2020-12-04 10:24:08,625 INFO Creating filter chain: Ant [pattern='/**/*.js'], []

2020-12-04 10:24:08,633 INFO Creating filter chain: Ant [pattern='/**/*.html'], []

2020-12-04 10:24:08,635 INFO Creating filter chain: Ant [pattern='/**/*.map'], []

2020-12-04 10:24:08,637 INFO Creating filter chain: Ant [pattern='/**/*.svg'], []

2020-12-04 10:24:08,638 INFO Creating filter chain: Ant [pattern='/**/*.png'], []

2020-12-04 10:24:08,639 INFO Creating filter chain: Ant [pattern='/**/*.ico'], []

2020-12-04 10:24:08,639 INFO Creating filter chain: Ant [pattern='/console-fe/public/**'], []

2020-12-04 10:24:08,640 INFO Creating filter chain: Ant [pattern='/v1/auth/login'], []

2020-12-04 10:24:08,641 INFO Creating filter chain: Ant [pattern='/v1/console/health/**'], []

2020-12-04 10:24:08,641 INFO Creating filter chain: Ant [pattern='/v1/cs/**'], []

2020-12-04 10:24:08,642 INFO Creating filter chain: Ant [pattern='/v1/ns/**'], []

2020-12-04 10:24:08,645 INFO Creating filter chain: Ant [pattern='/v1/cmdb/**'], []

2020-12-04 10:24:08,650 INFO Creating filter chain: Ant [pattern='/actuator/**'], []

2020-12-04 10:24:08,651 INFO Creating filter chain: Ant [pattern='/v1/console/server/**'], []

2020-12-04 10:24:08,767 INFO Creating filter chain: any request, [org.springframework.security.web.context.request.async.WebAsyncManagerIntegrationFilter@75d0911a, org.springframework.security.web.context.SecurityContextPersistenceFilter@338494fa, org.springframework.security.web.header.HeaderWriterFilter@79145d5a, org.springframework.security.web.authentication.logout.LogoutFilter@58359ebd, com.alibaba.nacos.console.filter.JwtAuthenticationTokenFilter@75e91545, org.springframework.security.web.savedrequest.RequestCacheAwareFilter@758c83d8, org.springframework.security.web.servletapi.SecurityContextHolderAwareRequestFilter@19ae6bb, org.springframework.security.web.authentication.AnonymousAuthenticationFilter@60d1a32f, org.springframework.security.web.session.SessionManagementFilter@4c4d27c8, org.springframework.security.web.access.ExceptionTranslationFilter@a776e, org.springframework.security.web.access.intercept.FilterSecurityInterceptor@d8305c2]

2020-12-04 10:24:09,022 INFO Exposing 2 endpoint(s) beneath base path '/actuator'

2020-12-04 10:24:09,105 INFO Initializing ExecutorService 'taskScheduler'

2020-12-04 10:24:09,476 INFO Tomcat started on port(s): 8848 (http) with context path '/nacos'

2020-12-04 10:24:09,503 INFO Started Nacos in 152.433 seconds (JVM running for 153.691)

2020-12-04 10:24:09,504 INFO Nacos Log files: C:\Users\Administrator\Desktop\changgou_project\nacos/logs/

2020-12-04 10:24:09,504 INFO Nacos Conf files: C:\Users\Administrator\Desktop\changgou_project\nacos/conf/

2020-12-04 10:24:09,505 INFO Nacos Data files: C:\Users\Administrator\Desktop\changgou_project\nacos/data/

2020-12-04 10:24:09,506 INFO Nacos started successfully in stand alone mode.

2020-12-04 10:24:09,754 INFO Initializing Spring DispatcherServlet 'dispatcherServlet'

2020-12-04 10:24:09,756 INFO Initializing Servlet 'dispatcherServlet'

2020-12-04 10:24:09,780 INFO Completed initialization in 22 ms

2020-12-04 10:34:04,757 INFO [capacityManagement] start correct usage

2020-12-04 10:34:04,773 INFO [capacityManagement] end correct usage, cost: 0s

2020-12-04 10:34:05,444 WARN clearConfigHistory start

2020-12-04 10:44:04,783 INFO [capacityManagement] start correct usage

2020-12-04 10:44:04,783 INFO [capacityManagement] end correct usage, cost: 0s

2020-12-04 10:44:05,455 WARN clearConfigHistory start

2020-12-04 10:54:04,802 INFO [capacityManagement] start correct usage

2020-12-04 10:54:04,803 INFO [capacityManagement] end correct usage, cost: 0s

2020-12-04 10:54:05,477 WARN clearConfigHistory start

2020-12-04 11:04:04,806 INFO [capacityManagement] start correct usage

2020-12-04 11:04:04,808 INFO [capacityManagement] end correct usage, cost: 0s

2020-12-04 11:04:05,479 WARN clearConfigHistory start

2020-12-04 11:12:59,796 INFO Expired JWT token.

2020-12-04 11:12:59,806 ERROR Responding with unauthorized error. Message - Full authentication is required to access this resource

2020-12-04 11:14:04,810 INFO [capacityManagement] start correct usage

2020-12-04 11:14:04,812 INFO [capacityManagement] end correct usage, cost: 0s

2020-12-04 11:14:05,481 WARN clearConfigHistory start

2020-12-04 11:24:04,824 INFO [capacityManagement] start correct usage

2020-12-04 11:24:04,824 INFO [capacityManagement] end correct usage, cost: 0s

2020-12-04 11:24:05,504 WARN clearConfigHistory start

2020-12-04 11:34:04,845 INFO [capacityManagement] start correct usage

2020-12-04 11:34:04,845 INFO [capacityManagement] end correct usage, cost: 0s

2020-12-04 11:34:05,525 WARN clearConfigHistory start

2020-12-04 11:44:04,848 INFO [capacityManagement] start correct usage

2020-12-04 11:44:04,849 INFO [capacityManagement] end correct usage, cost: 0s

2020-12-04 11:44:05,528 WARN clearConfigHistory start

2020-12-04 11:54:04,851 INFO [capacityManagement] start correct usage

2020-12-04 11:54:04,852 INFO [capacityManagement] end correct usage, cost: 0s

2020-12-04 11:54:05,529 WARN clearConfigHistory start

2020-12-04 12:04:04,855 INFO [capacityManagement] start correct usage

2020-12-04 12:04:04,857 INFO [capacityManagement] end correct usage, cost: 0s

2020-12-04 12:04:05,531 WARN clearConfigHistory start

2020-12-04 12:14:04,865 INFO [capacityManagement] start correct usage

2020-12-04 12:14:04,865 INFO [capacityManagement] end correct usage, cost: 0s

2020-12-04 12:14:05,540 WARN clearConfigHistory start

2020-12-04 12:24:04,869 INFO [capacityManagement] start correct usage

2020-12-04 12:24:04,871 INFO [capacityManagement] end correct usage, cost: 0s

2020-12-04 12:24:05,543 WARN clearConfigHistory start

2020-12-04 12:34:04,871 INFO [capacityManagement] start correct usage

2020-12-04 12:34:04,874 INFO [capacityManagement] end correct usage, cost: 0s

2020-12-04 12:34:05,545 WARN clearConfigHistory start

2020-12-04 12:44:04,875 INFO [capacityManagement] start correct usage

2020-12-04 12:44:04,876 INFO [capacityManagement] end correct usage, cost: 0s

2020-12-04 12:44:05,548 WARN clearConfigHistory start

2020-12-04 12:54:04,884 INFO [capacityManagement] start correct usage

2020-12-04 12:54:04,884 INFO [capacityManagement] end correct usage, cost: 0s

2020-12-04 12:54:05,565 WARN clearConfigHistory start

2020-12-04 13:04:04,896 INFO [capacityManagement] start correct usage

2020-12-04 13:04:04,896 INFO [capacityManagement] end correct usage, cost: 0s

2020-12-04 13:04:05,576 WARN clearConfigHistory start

2020-12-04 13:14:04,917 INFO [capacityManagement] start correct usage

2020-12-04 13:14:04,917 INFO [capacityManagement] end correct usage, cost: 0s

2020-12-04 13:14:05,577 WARN clearConfigHistory start

2020-12-04 13:24:04,918 INFO [capacityManagement] start correct usage

2020-12-04 13:24:04,918 INFO [capacityManagement] end correct usage, cost: 0s

2020-12-04 13:24:05,598 WARN clearConfigHistory start

2020-12-04 13:34:04,939 INFO [capacityManagement] start correct usage

2020-12-04 13:34:04,939 INFO [capacityManagement] end correct usage, cost: 0s

2020-12-04 13:34:05,600 WARN clearConfigHistory start

2020-12-04 13:44:04,942 INFO [capacityManagement] start correct usage

2020-12-04 13:44:04,945 INFO [capacityManagement] end correct usage, cost: 0s

2020-12-04 13:44:05,602 WARN clearConfigHistory start

2020-12-04 13:54:04,946 INFO [capacityManagement] start correct usage

2020-12-04 13:54:04,947 INFO [capacityManagement] end correct usage, cost: 0s

2020-12-04 13:54:05,606 WARN clearConfigHistory start

2020-12-04 14:01:22,398 INFO Expired JWT token.

2020-12-04 14:01:22,399 ERROR Responding with unauthorized error. Message - Full authentication is required to access this resource

2020-12-04 14:04:04,953 INFO [capacityManagement] start correct usage

2020-12-04 14:04:04,953 INFO [capacityManagement] end correct usage, cost: 0s

2020-12-04 14:04:05,613 WARN clearConfigHistory start

2020-12-04 14:14:04,965 INFO [capacityManagement] start correct usage

2020-12-04 14:14:04,965 INFO [capacityManagement] end correct usage, cost: 0s

2020-12-04 14:14:05,616 WARN clearConfigHistory start

2020-12-04 14:24:04,966 INFO [capacityManagement] start correct usage

2020-12-04 14:24:04,974 INFO [capacityManagement] end correct usage, cost: 0s

2020-12-04 14:24:05,626 WARN clearConfigHistory start

2020-12-04 14:34:04,987 INFO [capacityManagement] start correct usage

2020-12-04 14:34:04,987 INFO [capacityManagement] end correct usage, cost: 0s

2020-12-04 14:34:05,654 WARN clearConfigHistory start

2020-12-04 14:44:04,991 INFO [capacityManagement] start correct usage

2020-12-04 14:44:05,000 INFO [capacityManagement] end correct usage, cost: 0s

2020-12-04 14:44:05,658 WARN clearConfigHistory start

2020-12-04 14:54:05,002 INFO [capacityManagement] start correct usage

2020-12-04 14:54:05,003 INFO [capacityManagement] end correct usage, cost: 0s

2020-12-04 14:54:05,660 WARN clearConfigHistory start

2020-12-04 15:04:05,011 INFO [capacityManagement] start correct usage

2020-12-04 15:04:05,011 INFO [capacityManagement] end correct usage, cost: 0s

2020-12-04 15:04:05,661 WARN clearConfigHistory start

2020-12-04 15:14:05,015 INFO [capacityManagement] start correct usage

2020-12-04 15:14:05,017 INFO [capacityManagement] end correct usage, cost: 0s

2020-12-04 15:14:05,663 WARN clearConfigHistory start

2020-12-04 15:24:05,017 INFO [capacityManagement] start correct usage

2020-12-04 15:24:05,018 INFO [capacityManagement] end correct usage, cost: 0s

2020-12-04 15:24:05,668 WARN clearConfigHistory start

2020-12-04 15:34:05,021 INFO [capacityManagement] start correct usage

2020-12-04 15:34:05,022 INFO [capacityManagement] end correct usage, cost: 0s

2020-12-04 15:34:05,670 WARN clearConfigHistory start

2020-12-04 15:44:05,036 INFO [capacityManagement] start correct usage

2020-12-04 15:44:05,036 INFO [capacityManagement] end correct usage, cost: 0s

2020-12-04 15:44:05,675 WARN clearConfigHistory start

2020-12-04 15:54:05,039 INFO [capacityManagement] start correct usage

2020-12-04 15:54:05,040 INFO [capacityManagement] end correct usage, cost: 0s

2020-12-04 15:54:05,677 WARN clearConfigHistory start

2020-12-04 16:04:05,042 INFO [capacityManagement] start correct usage

2020-12-04 16:04:05,043 INFO [capacityManagement] end correct usage, cost: 0s

2020-12-04 16:04:05,679 WARN clearConfigHistory start

2020-12-04 16:14:05,045 INFO [capacityManagement] start correct usage

2020-12-04 16:14:05,046 INFO [capacityManagement] end correct usage, cost: 0s

2020-12-04 16:14:05,680 WARN clearConfigHistory start

2020-12-04 16:24:05,046 INFO [capacityManagement] start correct usage

2020-12-04 16:24:05,050 INFO [capacityManagement] end correct usage, cost: 0s

2020-12-04 16:24:05,682 WARN clearConfigHistory start

2020-12-04 16:34:05,051 INFO [capacityManagement] start correct usage

2020-12-04 16:34:05,052 INFO [capacityManagement] end correct usage, cost: 0s

2020-12-04 16:34:05,683 WARN clearConfigHistory start

2020-12-04 16:44:05,054 INFO [capacityManagement] start correct usage

2020-12-04 16:44:05,056 INFO [capacityManagement] end correct usage, cost: 0s

2020-12-04 16:44:05,685 WARN clearConfigHistory start

2020-12-04 16:54:05,058 INFO [capacityManagement] start correct usage

2020-12-04 16:54:05,059 INFO [capacityManagement] end correct usage, cost: 0s

2020-12-04 16:54:05,686 WARN clearConfigHistory start

2020-12-04 17:04:05,060 INFO [capacityManagement] start correct usage

2020-12-04 17:04:05,061 INFO [capacityManagement] end correct usage, cost: 0s

2020-12-04 17:04:05,690 WARN clearConfigHistory start

2020-12-04 17:14:05,063 INFO [capacityManagement] start correct usage

2020-12-04 17:14:05,064 INFO [capacityManagement] end correct usage, cost: 0s

2020-12-04 17:14:05,692 WARN clearConfigHistory start

2020-12-04 17:24:05,066 INFO [capacityManagement] start correct usage

2020-12-04 17:24:05,068 INFO [capacityManagement] end correct usage, cost: 0s

2020-12-04 17:24:05,694 WARN clearConfigHistory start

2020-12-04 17:34:05,070 INFO [capacityManagement] start correct usage

2020-12-04 17:34:05,070 INFO [capacityManagement] end correct usage, cost: 0s

2020-12-04 17:34:05,700 WARN clearConfigHistory start

2020-12-04 17:44:05,075 INFO [capacityManagement] start correct usage

2020-12-04 17:44:05,076 INFO [capacityManagement] end correct usage, cost: 0s

2020-12-04 17:44:05,703 WARN clearConfigHistory start

