2020-12-04 10:24:35,477 INFO PERFORMANCE:|0|0|-1|-1

2020-12-04 10:29:35,482 INFO PERFORMANCE:|0|0|-1|-1

2020-12-04 10:34:35,507 INFO PERFORMANCE:|0|0|-1|-1

2020-12-04 10:39:35,522 INFO PERFORMANCE:|0|0|-1|-1

2020-12-04 10:44:35,802 INFO PERFORMANCE:|0|0|-1|-1

2020-12-04 10:49:35,838 INFO PERFORMANCE:|0|0|-1|-1

2020-12-04 10:54:35,839 INFO PERFORMANCE:|1|1|-1|-1

2020-12-04 10:59:35,841 INFO PERFORMANCE:|1|1|-1|-1

2020-12-04 11:04:35,842 INFO PERFORMANCE:|1|1|-1|-1

2020-12-04 11:09:35,845 INFO PERFORMANCE:|1|1|-1|-1

2020-12-04 11:14:35,847 INFO PERFORMANCE:|1|1|-1|-1

2020-12-04 11:19:35,850 INFO PERFORMANCE:|1|1|-1|-1

2020-12-04 11:24:35,864 INFO PERFORMANCE:|1|1|-1|-1

2020-12-04 11:29:35,865 INFO PERFORMANCE:|1|1|-1|-1

2020-12-04 11:34:35,885 INFO PERFORMANCE:|1|1|-1|-1

2020-12-04 11:39:35,896 INFO PERFORMANCE:|1|1|-1|-1

2020-12-04 11:44:35,898 INFO PERFORMANCE:|1|1|-1|-1

2020-12-04 11:49:35,900 INFO PERFORMANCE:|1|1|-1|-1

2020-12-04 11:54:35,901 INFO PERFORMANCE:|1|1|-1|-1

2020-12-04 11:59:35,902 INFO PERFORMANCE:|1|1|-1|-1

2020-12-04 12:04:35,903 INFO PERFORMANCE:|1|1|-1|-1

2020-12-04 12:09:35,904 INFO PERFORMANCE:|1|1|-1|-1

2020-12-04 12:14:35,920 INFO PERFORMANCE:|1|1|-1|-1

2020-12-04 12:19:35,921 INFO PERFORMANCE:|1|1|-1|-1

2020-12-04 12:24:35,923 INFO PERFORMANCE:|1|1|-1|-1

2020-12-04 12:29:35,924 INFO PERFORMANCE:|1|1|-1|-1

2020-12-04 12:34:35,925 INFO PERFORMANCE:|1|1|-1|-1

2020-12-04 12:39:35,926 INFO PERFORMANCE:|1|1|-1|-1

2020-12-04 12:44:35,926 INFO PERFORMANCE:|1|1|-1|-1

2020-12-04 12:49:35,934 INFO PERFORMANCE:|1|1|-1|-1

2020-12-04 12:54:35,955 INFO PERFORMANCE:|1|1|-1|-1

2020-12-04 12:59:35,965 INFO PERFORMANCE:|1|1|-1|-1

2020-12-04 13:04:35,981 INFO PERFORMANCE:|1|1|-1|-1

2020-12-04 13:09:35,987 INFO PERFORMANCE:|1|1|-1|-1

2020-12-04 13:14:35,987 INFO PERFORMANCE:|1|1|-1|-1

2020-12-04 13:19:35,998 INFO PERFORMANCE:|1|1|-1|-1

2020-12-04 13:24:36,008 INFO PERFORMANCE:|1|1|-1|-1

2020-12-04 13:29:36,029 INFO PERFORMANCE:|1|1|-1|-1

2020-12-04 13:34:36,030 INFO PERFORMANCE:|1|1|-1|-1

2020-12-04 13:39:36,035 INFO PERFORMANCE:|1|1|-1|-1

2020-12-04 13:44:36,041 INFO PERFORMANCE:|1|1|-1|-1

2020-12-04 13:49:36,042 INFO PERFORMANCE:|1|1|-1|-1

2020-12-04 13:54:36,044 INFO PERFORMANCE:|1|1|-1|-1

2020-12-04 13:59:36,049 INFO PERFORMANCE:|1|1|-1|-1

2020-12-04 14:04:36,048 INFO PERFORMANCE:|1|1|-1|-1

2020-12-04 14:09:36,052 INFO PERFORMANCE:|2|2|-1|-1

2020-12-04 14:14:36,053 INFO PERFORMANCE:|2|2|-1|-1

2020-12-04 14:19:36,065 INFO PERFORMANCE:|2|2|-1|-1

2020-12-04 14:24:36,067 INFO PERFORMANCE:|2|2|-1|-1

2020-12-04 14:29:36,068 INFO PERFORMANCE:|2|2|-1|-1

2020-12-04 14:34:36,087 INFO PERFORMANCE:|2|2|-1|-1

2020-12-04 14:39:36,088 INFO PERFORMANCE:|2|2|-1|-1

2020-12-04 14:44:36,109 INFO PERFORMANCE:|2|2|-1|-1

2020-12-04 14:49:36,109 INFO PERFORMANCE:|2|2|-1|-1

2020-12-04 14:54:36,111 INFO PERFORMANCE:|2|2|-1|-1

2020-12-04 14:59:36,113 INFO PERFORMANCE:|2|2|-1|-1

2020-12-04 15:04:36,113 INFO PERFORMANCE:|2|2|-1|-1

2020-12-04 15:09:36,132 INFO PERFORMANCE:|2|2|-1|-1

2020-12-04 15:14:36,133 INFO PERFORMANCE:|2|2|-1|-1

2020-12-04 15:19:36,135 INFO PERFORMANCE:|2|2|-1|-1

2020-12-04 15:24:36,136 INFO PERFORMANCE:|2|2|-1|-1

2020-12-04 15:29:36,138 INFO PERFORMANCE:|2|2|-1|-1

2020-12-04 15:34:36,139 INFO PERFORMANCE:|2|2|-1|-1

2020-12-04 15:39:36,141 INFO PERFORMANCE:|2|0|-1|-1

2020-12-04 15:44:36,142 INFO PERFORMANCE:|2|0|-1|-1

2020-12-04 15:49:36,144 INFO PERFORMANCE:|2|0|-1|-1

2020-12-04 15:54:36,146 INFO PERFORMANCE:|2|0|-1|-1

2020-12-04 15:59:36,148 INFO PERFORMANCE:|2|0|-1|-1

2020-12-04 16:04:36,149 INFO PERFORMANCE:|2|0|-1|-1

2020-12-04 16:09:36,151 INFO PERFORMANCE:|2|0|-1|-1

2020-12-04 16:14:36,159 INFO PERFORMANCE:|2|0|-1|-1

2020-12-04 16:19:36,175 INFO PERFORMANCE:|2|0|-1|-1

2020-12-04 16:24:36,176 INFO PERFORMANCE:|2|0|-1|-1

2020-12-04 16:29:36,178 INFO PERFORMANCE:|2|0|-1|-1

2020-12-04 16:34:36,180 INFO PERFORMANCE:|2|0|-1|-1

2020-12-04 16:39:36,183 INFO PERFORMANCE:|2|0|-1|-1

2020-12-04 16:44:36,185 INFO PERFORMANCE:|2|0|-1|-1

2020-12-04 16:49:36,187 INFO PERFORMANCE:|2|0|-1|-1

2020-12-04 16:54:36,188 INFO PERFORMANCE:|2|0|-1|-1

2020-12-04 16:59:36,190 INFO PERFORMANCE:|2|0|-1|-1

2020-12-04 17:04:36,193 INFO PERFORMANCE:|2|0|-1|-1

2020-12-04 17:09:36,195 INFO PERFORMANCE:|2|0|-1|-1

2020-12-04 17:14:36,198 INFO PERFORMANCE:|2|0|-1|-1

2020-12-04 17:19:36,199 INFO PERFORMANCE:|2|0|-1|-1

2020-12-04 17:24:36,201 INFO PERFORMANCE:|2|0|-1|-1

2020-12-04 17:29:36,203 INFO PERFORMANCE:|2|0|-1|-1

2020-12-04 17:34:36,204 INFO PERFORMANCE:|2|0|-1|-1

2020-12-04 17:39:36,205 INFO PERFORMANCE:|2|0|-1|-1

2020-12-04 17:44:36,207 INFO PERFORMANCE:|2|0|-1|-1

